<?xml version="1.0" encoding="utf-8"?>
<TestRun id="41caedf7-09ef-45b6-8534-a1e654b3cdd1" name="@2a02-8388-0540-0a00-78f8-c3c4-b10c-559c 2026-01-05 17:33:36" xmlns="http://microsoft.com/schemas/VisualStudio/TeamTest/2010">
  <Times creation="2026-01-05T17:33:36.4086671+01:00" queuing="2026-01-05T17:33:36.4086671+01:00" start="2026-01-05T17:33:35.4801629+01:00" finish="2026-01-05T17:33:36.4094582+01:00" />
  <TestSettings name="default" id="a654ed40-9e0a-4aa0-91eb-b77a2486ab4e">
    <Deployment runDeploymentRoot="_2a02-8388-0540-0a00-78f8-c3c4-b10c-559c_2026-01-05_17_33_36" />
  </TestSettings>
  <TestLists>
    <TestList name="Ergebnisse nicht in einer Liste" id="8c84fa94-04c1-424b-9868-57a2d4851a1d" />
    <TestList name="Alle geladenen Ergebnisse" id="19431567-8539-422a-85d7-44ee4e166bda" />
  </TestLists>
  <ResultSummary outcome="Completed">
    <Counters total="0" executed="0" passed="0" failed="0" error="0" timeout="0" aborted="0" inconclusive="0" passedButRunAborted="0" notRunnable="0" notExecuted="0" disconnected="0" warning="0" completed="0" inProgress="0" pending="0" />
    <Output>
      <StdOut>[xUnit.net 00:00:00.00] xUnit.net VSTest Adapter v2.4.5+1caef2f33e (64-bit .NET 8.0.22)
[xUnit.net 00:00:00.39]   Discovering: MRP.Tests
[xUnit.net 00:00:00.40]   Discovered:  MRP.Tests
</StdOut>
    </Output>
    <RunInfos>
      <RunInfo computerName="2a02-8388-0540-0a00-78f8-c3c4-b10c-559c" outcome="Warning" timestamp="2026-01-05T17:33:36.3043441+01:00">
        <Text>In "/home/roberto/Dokumente/MRP/Tests/bin/Debug/net8.0/MRP.Tests.dll" ist kein Test verfügbar. Stellen Sie sicher, dass die Testdiscoverer und -executors registriert und die Versionseinstellungen für Plattform und Framework richtig sind, und wiederholen Sie den Vorgang.</Text>
      </RunInfo>
    </RunInfos>
  </ResultSummary>
</TestRun>